[giftcardrebel.com/index.html]
[backblue.gif]
[fade.gif]
[index.html]
[giftcardrebel.com/favicon.ico]
[giftcardrebel.com/favicon.png]
[giftcardrebel.com/resources/img/facebook.png]
[giftcardrebel.com/resources/styles30f4.css]
[giftcardrebel.com/free-google-play-gift-cards.html]
[giftcardrebel.com/free-steam-gift-cards.html]
[giftcardrebel.com/free-xbox-gift-cards.html]
[giftcardrebel.com/free-microsoft-gift-cards.html]
[giftcardrebel.com/free-playstation-store-gift-cards.html]
[giftcardrebel.com/free-itunes-gift-cards.html]
[giftcardrebel.com/free-skype-credit-gift-cards.html]
[giftcardrebel.com/free-windows-gift-cards.html]
[giftcardrebel.com/free-ebay-gift-cards.html]
[giftcardrebel.com/free-paypal-cash-gift-cards.html]
[giftcardrebel.com/free-amazon-gift-cards.html]
[giftcardrebel.com/free-facebook-gift-cards.html]
[giftcardrebel.com/free-netflix-gift-cards.html]
[giftcardrebel.com/free-spotify-gift-cards.html]
[ajax.googleapis.com/ajax/libs/jquery/1.11.1/jquery.min.js]
[giftcardrebel.com/resources/plugins30f4.js]
[www.google-analytics.com/analytics.js]
[giftcardrebel.com/index.html]
[giftcardrebel.com/resources/img/facebook.html]
[giftcardrebel.com/resources/styles30f4.css]
[giftcardrebel.com/free-google-play-gift-cards.html]
[giftcardrebel.com/free-xbox-gift-cards.html]
[giftcardrebel.com/free-steam-gift-cards.html]
[giftcardrebel.com/free-microsoft-gift-cards.html]
[giftcardrebel.com/free-playstation-store-gift-cards.html]
[giftcardrebel.com/free-itunes-gift-cards.html]
[giftcardrebel.com/free-skype-credit-gift-cards.html]
[giftcardrebel.com/free-windows-gift-cards.html]
[giftcardrebel.com/free-ebay-gift-cards.html]
[giftcardrebel.com/free-paypal-cash-gift-cards.html]
[giftcardrebel.com/free-amazon-gift-cards.html]
[giftcardrebel.com/free-facebook-gift-cards.html]
[giftcardrebel.com/free-netflix-gift-cards.html]
[giftcardrebel.com/free-spotify-gift-cards.html]
